[0.513s] Invoking command in '/home/ubuntu/ros2_ws/build/assignment1_rt': PYTHONPATH=/home/ubuntu/ros2_ws/build/assignment1_rt/prefix_override:/usr/lib/python3/dist-packages/colcon_core/task/python/colcon_distutils_commands:/home/ubuntu/ros2_ws/install/assignment1_rt/lib/python3.12/site-packages:${PYTHONPATH} /usr/bin/python3 -W ignore:setup.py install is deprecated -W ignore:easy_install command is deprecated setup.py develop --editable --build-directory /home/ubuntu/ros2_ws/build/assignment1_rt/build --no-deps symlink_data --force
[0.760s] running develop
[0.865s] running egg_info
[0.874s] writing assignment1_rt.egg-info/PKG-INFO
[0.874s] writing dependency_links to assignment1_rt.egg-info/dependency_links.txt
[0.875s] writing entry points to assignment1_rt.egg-info/entry_points.txt
[0.876s] writing requirements to assignment1_rt.egg-info/requires.txt
[0.876s] writing top-level names to assignment1_rt.egg-info/top_level.txt
[0.901s] reading manifest file 'assignment1_rt.egg-info/SOURCES.txt'
[0.904s] writing manifest file 'assignment1_rt.egg-info/SOURCES.txt'
[0.914s] running build_ext
[0.917s] Creating /home/ubuntu/ros2_ws/install/assignment1_rt/lib/python3.12/site-packages/assignment1-rt.egg-link (link to .)
[0.920s] Installing distance script to /home/ubuntu/ros2_ws/install/assignment1_rt/lib/assignment1_rt
[0.922s] Installing turtle_spawn script to /home/ubuntu/ros2_ws/install/assignment1_rt/lib/assignment1_rt
[0.923s] Installing ui script to /home/ubuntu/ros2_ws/install/assignment1_rt/lib/assignment1_rt
[0.924s] 
[0.924s] Installed /home/ubuntu/ros2_ws/build/assignment1_rt
[0.925s] running symlink_data
[0.925s] symbolically linking /home/ubuntu/ros2_ws/build/assignment1_rt/resource/assignment1_rt -> /home/ubuntu/ros2_ws/install/assignment1_rt/share/ament_index/resource_index/packages
[0.926s] symbolically linking /home/ubuntu/ros2_ws/build/assignment1_rt/package.xml -> /home/ubuntu/ros2_ws/install/assignment1_rt/share/assignment1_rt
[0.949s] Invoked command in '/home/ubuntu/ros2_ws/build/assignment1_rt' returned '0': PYTHONPATH=/home/ubuntu/ros2_ws/build/assignment1_rt/prefix_override:/usr/lib/python3/dist-packages/colcon_core/task/python/colcon_distutils_commands:/home/ubuntu/ros2_ws/install/assignment1_rt/lib/python3.12/site-packages:${PYTHONPATH} /usr/bin/python3 -W ignore:setup.py install is deprecated -W ignore:easy_install command is deprecated setup.py develop --editable --build-directory /home/ubuntu/ros2_ws/build/assignment1_rt/build --no-deps symlink_data --force
