[0.528s] Invoking command in '/home/ubuntu/ros2_ws/src/assignment1_rt': PYTHONPATH=/home/ubuntu/ros2_ws/build/assignment1_rt/prefix_override:/usr/lib/python3/dist-packages/colcon_core/task/python/colcon_distutils_commands:/home/ubuntu/ros2_ws/install/assignment1_rt/lib/python3.12/site-packages:${PYTHONPATH} /usr/bin/python3 -W ignore:setup.py install is deprecated -W ignore:easy_install command is deprecated setup.py egg_info --egg-base ../../build/assignment1_rt build --build-base /home/ubuntu/ros2_ws/build/assignment1_rt/build install --record /home/ubuntu/ros2_ws/build/assignment1_rt/install.log --single-version-externally-managed install_data
[0.682s] running egg_info
[0.692s] writing ../../build/assignment1_rt/assignment1_rt.egg-info/PKG-INFO
[0.692s] writing dependency_links to ../../build/assignment1_rt/assignment1_rt.egg-info/dependency_links.txt
[0.693s] writing entry points to ../../build/assignment1_rt/assignment1_rt.egg-info/entry_points.txt
[0.693s] writing requirements to ../../build/assignment1_rt/assignment1_rt.egg-info/requires.txt
[0.694s] writing top-level names to ../../build/assignment1_rt/assignment1_rt.egg-info/top_level.txt
[0.716s] reading manifest file '../../build/assignment1_rt/assignment1_rt.egg-info/SOURCES.txt'
[0.719s] writing manifest file '../../build/assignment1_rt/assignment1_rt.egg-info/SOURCES.txt'
[0.719s] running build
[0.720s] running build_py
[0.720s] copying assignment1_rt/ui_node.py -> /home/ubuntu/ros2_ws/build/assignment1_rt/build/lib/assignment1_rt
[0.725s] running install
[0.729s] running install_lib
[0.736s] copying /home/ubuntu/ros2_ws/build/assignment1_rt/build/lib/assignment1_rt/ui_node.py -> /home/ubuntu/ros2_ws/install/assignment1_rt/lib/python3.12/site-packages/assignment1_rt
[0.737s] byte-compiling /home/ubuntu/ros2_ws/install/assignment1_rt/lib/python3.12/site-packages/assignment1_rt/ui_node.py to ui_node.cpython-312.pyc
[0.739s] running install_data
[0.740s] running install_egg_info
[0.751s] removing '/home/ubuntu/ros2_ws/install/assignment1_rt/lib/python3.12/site-packages/assignment1_rt-0.0.0-py3.12.egg-info' (and everything under it)
[0.753s] Copying ../../build/assignment1_rt/assignment1_rt.egg-info to /home/ubuntu/ros2_ws/install/assignment1_rt/lib/python3.12/site-packages/assignment1_rt-0.0.0-py3.12.egg-info
[0.761s] running install_scripts
[0.834s] Installing distance script to /home/ubuntu/ros2_ws/install/assignment1_rt/lib/assignment1_rt
[0.834s] Installing turtle_spawn script to /home/ubuntu/ros2_ws/install/assignment1_rt/lib/assignment1_rt
[0.835s] Installing ui script to /home/ubuntu/ros2_ws/install/assignment1_rt/lib/assignment1_rt
[0.835s] writing list of installed files to '/home/ubuntu/ros2_ws/build/assignment1_rt/install.log'
[0.854s] Invoked command in '/home/ubuntu/ros2_ws/src/assignment1_rt' returned '0': PYTHONPATH=/home/ubuntu/ros2_ws/build/assignment1_rt/prefix_override:/usr/lib/python3/dist-packages/colcon_core/task/python/colcon_distutils_commands:/home/ubuntu/ros2_ws/install/assignment1_rt/lib/python3.12/site-packages:${PYTHONPATH} /usr/bin/python3 -W ignore:setup.py install is deprecated -W ignore:easy_install command is deprecated setup.py egg_info --egg-base ../../build/assignment1_rt build --build-base /home/ubuntu/ros2_ws/build/assignment1_rt/build install --record /home/ubuntu/ros2_ws/build/assignment1_rt/install.log --single-version-externally-managed install_data
