[0.826s] Invoking command in '/home/ubuntu/ros2_ws/src/assignment1_rt': PYTHONPATH=/home/ubuntu/ros2_ws/build/assignment1_rt/prefix_override:/usr/lib/python3/dist-packages/colcon_core/task/python/colcon_distutils_commands:/home/ubuntu/ros2_ws/install/assignment1_rt/lib/python3.12/site-packages:${PYTHONPATH} /usr/bin/python3 -W ignore:setup.py install is deprecated -W ignore:easy_install command is deprecated setup.py egg_info --egg-base ../../build/assignment1_rt build --build-base /home/ubuntu/ros2_ws/build/assignment1_rt/build install --record /home/ubuntu/ros2_ws/build/assignment1_rt/install.log --single-version-externally-managed install_data
[0.983s] running egg_info
[0.992s] writing ../../build/assignment1_rt/assignment1_rt.egg-info/PKG-INFO
[0.993s] writing dependency_links to ../../build/assignment1_rt/assignment1_rt.egg-info/dependency_links.txt
[0.994s] writing entry points to ../../build/assignment1_rt/assignment1_rt.egg-info/entry_points.txt
[0.994s] writing requirements to ../../build/assignment1_rt/assignment1_rt.egg-info/requires.txt
[0.995s] writing top-level names to ../../build/assignment1_rt/assignment1_rt.egg-info/top_level.txt
[1.022s] reading manifest file '../../build/assignment1_rt/assignment1_rt.egg-info/SOURCES.txt'
[1.023s] writing manifest file '../../build/assignment1_rt/assignment1_rt.egg-info/SOURCES.txt'
[1.024s] running build
[1.024s] running build_py
[1.025s] copying assignment1_rt/distance_node.py -> /home/ubuntu/ros2_ws/build/assignment1_rt/build/lib/assignment1_rt
[1.027s] copying assignment1_rt/ui_node.py -> /home/ubuntu/ros2_ws/build/assignment1_rt/build/lib/assignment1_rt
[1.032s] running install
[1.035s] running install_lib
[1.046s] copying /home/ubuntu/ros2_ws/build/assignment1_rt/build/lib/assignment1_rt/distance_node.py -> /home/ubuntu/ros2_ws/install/assignment1_rt/lib/python3.12/site-packages/assignment1_rt
[1.051s] copying /home/ubuntu/ros2_ws/build/assignment1_rt/build/lib/assignment1_rt/ui_node.py -> /home/ubuntu/ros2_ws/install/assignment1_rt/lib/python3.12/site-packages/assignment1_rt
[1.054s] byte-compiling /home/ubuntu/ros2_ws/install/assignment1_rt/lib/python3.12/site-packages/assignment1_rt/distance_node.py to distance_node.cpython-312.pyc
[1.056s] byte-compiling /home/ubuntu/ros2_ws/install/assignment1_rt/lib/python3.12/site-packages/assignment1_rt/ui_node.py to ui_node.cpython-312.pyc
[1.058s] running install_data
[1.059s] running install_egg_info
[1.070s] removing '/home/ubuntu/ros2_ws/install/assignment1_rt/lib/python3.12/site-packages/assignment1_rt-0.0.0-py3.12.egg-info' (and everything under it)
[1.073s] Copying ../../build/assignment1_rt/assignment1_rt.egg-info to /home/ubuntu/ros2_ws/install/assignment1_rt/lib/python3.12/site-packages/assignment1_rt-0.0.0-py3.12.egg-info
[1.081s] running install_scripts
[1.173s] Installing distance script to /home/ubuntu/ros2_ws/install/assignment1_rt/lib/assignment1_rt
[1.174s] Installing turtle_spawn script to /home/ubuntu/ros2_ws/install/assignment1_rt/lib/assignment1_rt
[1.175s] Installing ui script to /home/ubuntu/ros2_ws/install/assignment1_rt/lib/assignment1_rt
[1.176s] writing list of installed files to '/home/ubuntu/ros2_ws/build/assignment1_rt/install.log'
[1.203s] Invoked command in '/home/ubuntu/ros2_ws/src/assignment1_rt' returned '0': PYTHONPATH=/home/ubuntu/ros2_ws/build/assignment1_rt/prefix_override:/usr/lib/python3/dist-packages/colcon_core/task/python/colcon_distutils_commands:/home/ubuntu/ros2_ws/install/assignment1_rt/lib/python3.12/site-packages:${PYTHONPATH} /usr/bin/python3 -W ignore:setup.py install is deprecated -W ignore:easy_install command is deprecated setup.py egg_info --egg-base ../../build/assignment1_rt build --build-base /home/ubuntu/ros2_ws/build/assignment1_rt/build install --record /home/ubuntu/ros2_ws/build/assignment1_rt/install.log --single-version-externally-managed install_data
