[0.557s] Invoking command in '/home/ubuntu/ros2_ws/src/assignment1_rt': PYTHONPATH=/home/ubuntu/ros2_ws/build/assignment1_rt/prefix_override:/usr/lib/python3/dist-packages/colcon_core/task/python/colcon_distutils_commands:/home/ubuntu/ros2_ws/install/assignment1_rt/lib/python3.12/site-packages:${PYTHONPATH} /usr/bin/python3 -W ignore:setup.py install is deprecated -W ignore:easy_install command is deprecated setup.py egg_info --egg-base ../../build/assignment1_rt build --build-base /home/ubuntu/ros2_ws/build/assignment1_rt/build install --record /home/ubuntu/ros2_ws/build/assignment1_rt/install.log --single-version-externally-managed install_data
[0.709s] running egg_info
[0.719s] writing ../../build/assignment1_rt/assignment1_rt.egg-info/PKG-INFO
[0.719s] writing dependency_links to ../../build/assignment1_rt/assignment1_rt.egg-info/dependency_links.txt
[0.720s] writing entry points to ../../build/assignment1_rt/assignment1_rt.egg-info/entry_points.txt
[0.720s] writing requirements to ../../build/assignment1_rt/assignment1_rt.egg-info/requires.txt
[0.721s] writing top-level names to ../../build/assignment1_rt/assignment1_rt.egg-info/top_level.txt
[0.743s] reading manifest file '../../build/assignment1_rt/assignment1_rt.egg-info/SOURCES.txt'
[0.745s] writing manifest file '../../build/assignment1_rt/assignment1_rt.egg-info/SOURCES.txt'
[0.746s] running build
[0.746s] running build_py
[0.747s] copying assignment1_rt/distance_node.py -> /home/ubuntu/ros2_ws/build/assignment1_rt/build/lib/assignment1_rt
[0.748s] copying assignment1_rt/ui_node.py -> /home/ubuntu/ros2_ws/build/assignment1_rt/build/lib/assignment1_rt
[0.754s] running install
[0.757s] running install_lib
[0.766s] copying /home/ubuntu/ros2_ws/build/assignment1_rt/build/lib/assignment1_rt/distance_node.py -> /home/ubuntu/ros2_ws/install/assignment1_rt/lib/python3.12/site-packages/assignment1_rt
[0.767s] copying /home/ubuntu/ros2_ws/build/assignment1_rt/build/lib/assignment1_rt/ui_node.py -> /home/ubuntu/ros2_ws/install/assignment1_rt/lib/python3.12/site-packages/assignment1_rt
[0.770s] byte-compiling /home/ubuntu/ros2_ws/install/assignment1_rt/lib/python3.12/site-packages/assignment1_rt/distance_node.py to distance_node.cpython-312.pyc
[0.771s] byte-compiling /home/ubuntu/ros2_ws/install/assignment1_rt/lib/python3.12/site-packages/assignment1_rt/ui_node.py to ui_node.cpython-312.pyc
[0.772s] running install_data
[0.775s] running install_egg_info
[0.784s] removing '/home/ubuntu/ros2_ws/install/assignment1_rt/lib/python3.12/site-packages/assignment1_rt-0.0.0-py3.12.egg-info' (and everything under it)
[0.785s] Copying ../../build/assignment1_rt/assignment1_rt.egg-info to /home/ubuntu/ros2_ws/install/assignment1_rt/lib/python3.12/site-packages/assignment1_rt-0.0.0-py3.12.egg-info
[0.791s] running install_scripts
[0.870s] Installing distance script to /home/ubuntu/ros2_ws/install/assignment1_rt/lib/assignment1_rt
[0.873s] Installing turtle_spawn script to /home/ubuntu/ros2_ws/install/assignment1_rt/lib/assignment1_rt
[0.873s] Installing ui script to /home/ubuntu/ros2_ws/install/assignment1_rt/lib/assignment1_rt
[0.874s] writing list of installed files to '/home/ubuntu/ros2_ws/build/assignment1_rt/install.log'
[0.894s] Invoked command in '/home/ubuntu/ros2_ws/src/assignment1_rt' returned '0': PYTHONPATH=/home/ubuntu/ros2_ws/build/assignment1_rt/prefix_override:/usr/lib/python3/dist-packages/colcon_core/task/python/colcon_distutils_commands:/home/ubuntu/ros2_ws/install/assignment1_rt/lib/python3.12/site-packages:${PYTHONPATH} /usr/bin/python3 -W ignore:setup.py install is deprecated -W ignore:easy_install command is deprecated setup.py egg_info --egg-base ../../build/assignment1_rt build --build-base /home/ubuntu/ros2_ws/build/assignment1_rt/build install --record /home/ubuntu/ros2_ws/build/assignment1_rt/install.log --single-version-externally-managed install_data
